2025-04-12 10:47:20,454 - Status check - active: True, should_run: True, app: running
2025-04-12 10:47:22,492 - Status check - active: True, should_run: True, app: running
2025-04-12 10:47:24,532 - Status check - active: True, should_run: True, app: running
2025-04-12 10:47:26,576 - Status check - active: True, should_run: True, app: running
2025-04-12 10:47:28,621 - Status check - active: True, should_run: True, app: running
2025-04-12 10:47:30,681 - Status check - active: True, should_run: True, app: running
2025-04-12 10:47:32,758 - Status check - active: True, should_run: True, app: running
2025-04-12 10:47:34,913 - Status check - active: True, should_run: True, app: running
2025-04-12 10:47:36,914 - Last app output before stopping:
2025-04-12 10:47:36,915 - QStandardPaths: XDG_RUNTIME_DIR not set, defaulting to '/tmp/runtime-pi'
2025-04-12 10:47:36,915 - 2025-04-12 10:39:16,794 - Starting Cartsy Application
2025-04-12 10:47:36,915 - QWidget::setLayout: Attempting to set QLayout "" on SelectModeFrame "", which already has a layout
2025-04-12 10:47:36,916 - error: XDG_RUNTIME_DIR is invalid or not set in the environment.
2025-04-12 10:47:36,916 - 2025-04-12 10:39:18,140 - Main window displayed
2025-04-12 10:47:36,917 - App stopped successfully
2025-04-12 12:59:41,487 - Failed to update status: HTTPConnectionPool(host='172.26.17.192', port=9000): Max retries exceeded with url: /api/devices/raspi_cart_001/status/?is_active=True&app_running=False (Caused by NewConnectionError('<urllib3.connection.HTTPConnection object at 0x7f8d921c10>: Failed to establish a new connection: [Errno 101] Network is unreachable'))
2025-04-12 12:59:41,506 - Service controller started...
2025-04-12 12:59:41,513 - Failed to check remote commands: HTTPConnectionPool(host='172.26.17.192', port=9000): Max retries exceeded with url: /api/devices/raspi_cart_001/status/ (Caused by NewConnectionError('<urllib3.connection.HTTPConnection object at 0x7f8d4f4b90>: Failed to establish a new connection: [Errno 101] Network is unreachable'))
2025-04-12 12:59:41,514 - Status check - active: True, should_run: False, app: not running
2025-04-12 12:59:43,518 - Failed to check remote commands: HTTPConnectionPool(host='172.26.17.192', port=9000): Max retries exceeded with url: /api/devices/raspi_cart_001/status/ (Caused by NewConnectionError('<urllib3.connection.HTTPConnection object at 0x7f8d4f7010>: Failed to establish a new connection: [Errno 101] Network is unreachable'))
2025-04-12 12:59:43,519 - Status check - active: True, should_run: False, app: not running
2025-04-12 12:59:45,523 - Failed to check remote commands: HTTPConnectionPool(host='172.26.17.192', port=9000): Max retries exceeded with url: /api/devices/raspi_cart_001/status/ (Caused by NewConnectionError('<urllib3.connection.HTTPConnection object at 0x7f8d501450>: Failed to establish a new connection: [Errno 101] Network is unreachable'))
2025-04-12 12:59:45,523 - Status check - active: True, should_run: False, app: not running
2025-04-12 12:59:47,707 - Status check - active: True, should_run: True, app: not running
2025-04-12 12:59:47,707 - Starting app...
2025-04-12 12:59:47,710 - App started successfully
2025-04-12 12:59:49,818 - Status check - active: True, should_run: True, app: running
2025-04-12 12:59:50,018 - App error: QStandardPaths: XDG_RUNTIME_DIR not set, defaulting to '/tmp/runtime-pi'
2025-04-12 12:59:50,112 - App error: 2025-04-12 12:59:50,111 - Starting Cartsy Application
2025-04-12 12:59:50,469 - App error: QWidget::setLayout: Attempting to set QLayout "" on SelectModeFrame "", which already has a layout
2025-04-12 12:59:51,782 - App error: error: XDG_RUNTIME_DIR is invalid or not set in the environment.
2025-04-12 12:59:51,893 - App error: 2025-04-12 12:59:51,892 - Main window displayed
2025-04-12 12:59:51,980 - Status check - active: True, should_run: True, app: running
2025-04-12 12:59:54,121 - Status check - active: True, should_run: True, app: running
2025-04-12 12:59:56,268 - Status check - active: True, should_run: True, app: running
2025-04-12 12:59:58,308 - Status check - active: True, should_run: True, app: running
2025-04-12 13:00:00,352 - Status check - active: True, should_run: True, app: running
2025-04-12 13:00:02,432 - Status check - active: True, should_run: True, app: running
2025-04-12 13:00:04,549 - Status check - active: True, should_run: True, app: running
2025-04-12 13:00:06,549 - Last app output before stopping:
2025-04-12 13:00:06,550 - QStandardPaths: XDG_RUNTIME_DIR not set, defaulting to '/tmp/runtime-pi'
2025-04-12 13:00:06,550 - 2025-04-12 12:59:50,111 - Starting Cartsy Application
2025-04-12 13:00:06,550 - QWidget::setLayout: Attempting to set QLayout "" on SelectModeFrame "", which already has a layout
2025-04-12 13:00:06,550 - error: XDG_RUNTIME_DIR is invalid or not set in the environment.
2025-04-12 13:00:06,550 - 2025-04-12 12:59:51,892 - Main window displayed
2025-04-12 13:00:06,550 - App stopped successfully
2025-04-12 13:01:25,131 - Service controller started...
2025-04-12 13:01:25,181 - Status check - active: True, should_run: True, app: not running
2025-04-12 13:01:25,182 - Starting app...
2025-04-12 13:01:25,184 - App started successfully
2025-04-12 13:01:25,689 - App error: QStandardPaths: XDG_RUNTIME_DIR not set, defaulting to '/tmp/runtime-pi'
2025-04-12 13:01:25,693 - App error: 2025-04-12 13:01:25,693 - Starting Cartsy Application
2025-04-12 13:01:25,812 - App error: QWidget::setLayout: Attempting to set QLayout "" on SelectModeFrame "", which already has a layout
2025-04-12 13:01:27,121 - App error: error: XDG_RUNTIME_DIR is invalid or not set in the environment.
2025-04-12 13:01:27,153 - App error: 2025-04-12 13:01:27,153 - Main window displayed
2025-04-12 13:01:27,286 - Status check - active: True, should_run: True, app: running
2025-04-12 13:01:29,428 - Status check - active: True, should_run: True, app: running
2025-04-12 13:01:31,580 - Status check - active: True, should_run: True, app: running
2025-04-12 13:01:33,724 - Status check - active: True, should_run: True, app: running
2025-04-12 13:01:35,773 - Status check - active: True, should_run: True, app: running
2025-04-12 13:01:37,829 - Status check - active: True, should_run: True, app: running
2025-04-12 13:01:39,973 - Status check - active: True, should_run: True, app: running
2025-04-12 13:01:42,126 - Status check - active: True, should_run: True, app: running
2025-04-12 13:01:44,272 - Status check - active: True, should_run: True, app: running
2025-04-12 13:01:46,421 - Status check - active: True, should_run: True, app: running
2025-04-12 13:01:48,478 - Status check - active: True, should_run: True, app: running
2025-04-12 13:01:50,621 - Status check - active: True, should_run: True, app: running
2025-04-12 13:02:00,044 - Status check - active: True, should_run: True, app: running
2025-04-12 13:02:03,205 - Status check - active: True, should_run: True, app: running
2025-04-12 13:02:05,361 - Status check - active: True, should_run: True, app: running
2025-04-12 13:02:07,507 - Status check - active: True, should_run: True, app: running
2025-04-12 13:02:09,655 - Status check - active: True, should_run: True, app: running
2025-04-12 13:02:11,656 - Last app output before stopping:
2025-04-12 13:02:11,657 - QStandardPaths: XDG_RUNTIME_DIR not set, defaulting to '/tmp/runtime-pi'
2025-04-12 13:02:11,657 - 2025-04-12 13:01:25,693 - Starting Cartsy Application
2025-04-12 13:02:11,657 - QWidget::setLayout: Attempting to set QLayout "" on SelectModeFrame "", which already has a layout
2025-04-12 13:02:11,657 - error: XDG_RUNTIME_DIR is invalid or not set in the environment.
2025-04-12 13:02:11,657 - 2025-04-12 13:01:27,153 - Main window displayed
2025-04-12 13:02:11,658 - App stopped successfully
2025-04-12 13:02:17,661 - Service controller started...
2025-04-12 13:02:17,700 - Status check - active: True, should_run: True, app: not running
2025-04-12 13:02:17,700 - Starting app...
2025-04-12 13:02:17,711 - App started successfully
2025-04-12 13:02:18,478 - App error: QStandardPaths: XDG_RUNTIME_DIR not set, defaulting to '/tmp/runtime-pi'
2025-04-12 13:02:18,482 - App error: 2025-04-12 13:02:18,481 - Starting Cartsy Application
2025-04-12 13:02:18,737 - App error: QWidget::setLayout: Attempting to set QLayout "" on SelectModeFrame "", which already has a layout
2025-04-12 13:02:19,906 - Status check - active: True, should_run: True, app: running
2025-04-12 13:02:20,090 - App error: error: XDG_RUNTIME_DIR is invalid or not set in the environment.
2025-04-12 13:02:20,240 - App error: 2025-04-12 13:02:20,144 - Main window displayed
2025-04-12 13:02:22,041 - Status check - active: True, should_run: True, app: running
2025-04-12 13:02:24,042 - Last app output before stopping:
2025-04-12 13:02:24,043 - QStandardPaths: XDG_RUNTIME_DIR not set, defaulting to '/tmp/runtime-pi'
2025-04-12 13:02:24,043 - 2025-04-12 13:02:18,481 - Starting Cartsy Application
2025-04-12 13:02:24,044 - QWidget::setLayout: Attempting to set QLayout "" on SelectModeFrame "", which already has a layout
2025-04-12 13:02:24,044 - error: XDG_RUNTIME_DIR is invalid or not set in the environment.
2025-04-12 13:02:24,044 - 2025-04-12 13:02:20,144 - Main window displayed
2025-04-12 13:02:24,044 - App stopped successfully
2025-04-12 13:02:30,118 - Failed to update status: 404 Client Error: Not Found for url: http://172.26.17.194:9000/api/devices/raspi_cart_001/status/?is_active=True&app_running=False
2025-04-12 13:02:30,119 - Service controller started...
2025-04-12 13:02:30,153 - Failed to check remote commands: 404 Client Error: Not Found for url: http://172.26.17.194:9000/api/devices/raspi_cart_001/status/
2025-04-12 13:02:30,153 - Status check - active: True, should_run: False, app: not running
2025-04-12 13:02:32,199 - Failed to check remote commands: 404 Client Error: Not Found for url: http://172.26.17.194:9000/api/devices/raspi_cart_001/status/
2025-04-12 13:02:32,199 - Status check - active: True, should_run: False, app: not running
2025-04-12 13:02:34,243 - Failed to check remote commands: 404 Client Error: Not Found for url: http://172.26.17.194:9000/api/devices/raspi_cart_001/status/
2025-04-12 13:02:34,244 - Status check - active: True, should_run: False, app: not running
2025-04-12 13:02:36,278 - Failed to check remote commands: 404 Client Error: Not Found for url: http://172.26.17.194:9000/api/devices/raspi_cart_001/status/
2025-04-12 13:02:36,278 - Status check - active: True, should_run: False, app: not running
2025-04-12 13:02:38,320 - Failed to check remote commands: 404 Client Error: Not Found for url: http://172.26.17.194:9000/api/devices/raspi_cart_001/status/
2025-04-12 13:02:38,321 - Status check - active: True, should_run: False, app: not running
2025-04-12 13:02:40,353 - Failed to check remote commands: 404 Client Error: Not Found for url: http://172.26.17.194:9000/api/devices/raspi_cart_001/status/
2025-04-12 13:02:40,353 - Status check - active: True, should_run: False, app: not running
2025-04-12 13:02:42,431 - Failed to check remote commands: 404 Client Error: Not Found for url: http://172.26.17.194:9000/api/devices/raspi_cart_001/status/
2025-04-12 13:02:42,431 - Status check - active: True, should_run: False, app: not running
2025-04-12 13:02:44,478 - Failed to check remote commands: 404 Client Error: Not Found for url: http://172.26.17.194:9000/api/devices/raspi_cart_001/status/
2025-04-12 13:02:44,479 - Status check - active: True, should_run: False, app: not running
2025-04-12 13:02:46,513 - Failed to check remote commands: 404 Client Error: Not Found for url: http://172.26.17.194:9000/api/devices/raspi_cart_001/status/
2025-04-12 13:02:46,513 - Status check - active: True, should_run: False, app: not running
2025-04-12 13:02:48,547 - Failed to check remote commands: 404 Client Error: Not Found for url: http://172.26.17.194:9000/api/devices/raspi_cart_001/status/
2025-04-12 13:02:48,547 - Status check - active: True, should_run: False, app: not running
2025-04-12 13:02:50,668 - Failed to check remote commands: 404 Client Error: Not Found for url: http://172.26.17.194:9000/api/devices/raspi_cart_001/status/
2025-04-12 13:02:50,668 - Status check - active: True, should_run: False, app: not running
2025-04-12 13:02:52,719 - Failed to check remote commands: 404 Client Error: Not Found for url: http://172.26.17.194:9000/api/devices/raspi_cart_001/status/
2025-04-12 13:02:52,719 - Status check - active: True, should_run: False, app: not running
2025-04-12 13:02:54,740 - Failed to check remote commands: 404 Client Error: Not Found for url: http://172.26.17.194:9000/api/devices/raspi_cart_001/status/
2025-04-12 13:02:54,740 - Status check - active: True, should_run: False, app: not running
2025-04-12 13:02:56,783 - Failed to check remote commands: 404 Client Error: Not Found for url: http://172.26.17.194:9000/api/devices/raspi_cart_001/status/
2025-04-12 13:02:56,783 - Status check - active: True, should_run: False, app: not running
2025-04-12 13:02:58,814 - Failed to check remote commands: 404 Client Error: Not Found for url: http://172.26.17.194:9000/api/devices/raspi_cart_001/status/
2025-04-12 13:02:58,815 - Status check - active: True, should_run: False, app: not running
2025-04-12 13:03:00,848 - Failed to check remote commands: 404 Client Error: Not Found for url: http://172.26.17.194:9000/api/devices/raspi_cart_001/status/
2025-04-12 13:03:00,848 - Status check - active: True, should_run: False, app: not running
2025-04-12 13:03:02,877 - Failed to check remote commands: 404 Client Error: Not Found for url: http://172.26.17.194:9000/api/devices/raspi_cart_001/status/
2025-04-12 13:03:02,878 - Status check - active: True, should_run: False, app: not running
2025-04-12 13:03:04,927 - Failed to check remote commands: 404 Client Error: Not Found for url: http://172.26.17.194:9000/api/devices/raspi_cart_001/status/
2025-04-12 13:03:04,927 - Status check - active: True, should_run: False, app: not running
2025-04-12 13:03:06,971 - Failed to check remote commands: 404 Client Error: Not Found for url: http://172.26.17.194:9000/api/devices/raspi_cart_001/status/
2025-04-12 13:03:06,971 - Status check - active: True, should_run: False, app: not running
2025-04-12 13:03:09,019 - Failed to check remote commands: 404 Client Error: Not Found for url: http://172.26.17.194:9000/api/devices/raspi_cart_001/status/
2025-04-12 13:03:09,019 - Status check - active: True, should_run: False, app: not running
2025-04-12 13:03:11,054 - Failed to check remote commands: 404 Client Error: Not Found for url: http://172.26.17.194:9000/api/devices/raspi_cart_001/status/
2025-04-12 13:03:11,055 - Status check - active: True, should_run: False, app: not running
2025-04-12 13:03:13,102 - Failed to check remote commands: 404 Client Error: Not Found for url: http://172.26.17.194:9000/api/devices/raspi_cart_001/status/
2025-04-12 13:03:13,103 - Status check - active: True, should_run: False, app: not running
2025-04-12 13:03:15,147 - Failed to check remote commands: 404 Client Error: Not Found for url: http://172.26.17.194:9000/api/devices/raspi_cart_001/status/
2025-04-12 13:03:15,148 - Status check - active: True, should_run: False, app: not running
2025-04-12 13:03:17,175 - Failed to check remote commands: 404 Client Error: Not Found for url: http://172.26.17.194:9000/api/devices/raspi_cart_001/status/
2025-04-12 13:03:17,176 - Status check - active: True, should_run: False, app: not running
2025-04-12 13:03:19,217 - Failed to check remote commands: 404 Client Error: Not Found for url: http://172.26.17.194:9000/api/devices/raspi_cart_001/status/
2025-04-12 13:03:19,217 - Status check - active: True, should_run: False, app: not running
2025-04-12 13:03:21,293 - Failed to check remote commands: 404 Client Error: Not Found for url: http://172.26.17.194:9000/api/devices/raspi_cart_001/status/
2025-04-12 13:03:21,293 - Status check - active: True, should_run: False, app: not running
2025-04-12 13:03:23,344 - Failed to check remote commands: 404 Client Error: Not Found for url: http://172.26.17.194:9000/api/devices/raspi_cart_001/status/
2025-04-12 13:03:23,345 - Status check - active: True, should_run: False, app: not running
2025-04-12 13:03:25,389 - Failed to check remote commands: 404 Client Error: Not Found for url: http://172.26.17.194:9000/api/devices/raspi_cart_001/status/
2025-04-12 13:03:25,389 - Status check - active: True, should_run: False, app: not running
2025-04-12 13:03:27,440 - Failed to check remote commands: 404 Client Error: Not Found for url: http://172.26.17.194:9000/api/devices/raspi_cart_001/status/
2025-04-12 13:03:27,440 - Status check - active: True, should_run: False, app: not running
2025-04-12 13:03:29,484 - Failed to check remote commands: 404 Client Error: Not Found for url: http://172.26.17.194:9000/api/devices/raspi_cart_001/status/
2025-04-12 13:03:29,484 - Status check - active: True, should_run: False, app: not running
2025-04-12 13:03:31,539 - Failed to check remote commands: 404 Client Error: Not Found for url: http://172.26.17.194:9000/api/devices/raspi_cart_001/status/
2025-04-12 13:03:31,539 - Status check - active: True, should_run: False, app: not running
2025-04-12 13:03:33,639 - Failed to check remote commands: 404 Client Error: Not Found for url: http://172.26.17.194:9000/api/devices/raspi_cart_001/status/
2025-04-12 13:03:33,640 - Status check - active: True, should_run: False, app: not running
2025-04-12 13:03:35,675 - Failed to check remote commands: 404 Client Error: Not Found for url: http://172.26.17.194:9000/api/devices/raspi_cart_001/status/
2025-04-12 13:03:35,676 - Status check - active: True, should_run: False, app: not running
2025-04-12 13:03:37,820 - Failed to check remote commands: 404 Client Error: Not Found for url: http://172.26.17.194:9000/api/devices/raspi_cart_001/status/
2025-04-12 13:03:37,821 - Status check - active: True, should_run: False, app: not running
2025-04-12 13:03:39,868 - Failed to check remote commands: 404 Client Error: Not Found for url: http://172.26.17.194:9000/api/devices/raspi_cart_001/status/
2025-04-12 13:03:39,868 - Status check - active: True, should_run: False, app: not running
2025-04-12 13:03:41,937 - Failed to check remote commands: 404 Client Error: Not Found for url: http://172.26.17.194:9000/api/devices/raspi_cart_001/status/
2025-04-12 13:03:41,938 - Status check - active: True, should_run: False, app: not running
2025-04-12 13:03:44,081 - Failed to check remote commands: 404 Client Error: Not Found for url: http://172.26.17.194:9000/api/devices/raspi_cart_001/status/
2025-04-12 13:03:44,081 - Status check - active: True, should_run: False, app: not running
2025-04-12 13:03:46,218 - Failed to check remote commands: 404 Client Error: Not Found for url: http://172.26.17.194:9000/api/devices/raspi_cart_001/status/
2025-04-12 13:03:46,219 - Status check - active: True, should_run: False, app: not running
2025-04-12 13:03:48,267 - Failed to check remote commands: 404 Client Error: Not Found for url: http://172.26.17.194:9000/api/devices/raspi_cart_001/status/
2025-04-12 13:03:48,267 - Status check - active: True, should_run: False, app: not running
2025-04-12 13:03:50,313 - Failed to check remote commands: 404 Client Error: Not Found for url: http://172.26.17.194:9000/api/devices/raspi_cart_001/status/
2025-04-12 13:03:50,313 - Status check - active: True, should_run: False, app: not running
2025-04-12 13:03:52,372 - Failed to check remote commands: 404 Client Error: Not Found for url: http://172.26.17.194:9000/api/devices/raspi_cart_001/status/
2025-04-12 13:03:52,372 - Status check - active: True, should_run: False, app: not running
2025-04-12 13:03:54,412 - Status check - active: True, should_run: True, app: not running
2025-04-12 13:03:54,412 - Starting app...
2025-04-12 13:03:54,416 - App started successfully
2025-04-12 13:03:54,964 - App error: QStandardPaths: XDG_RUNTIME_DIR not set, defaulting to '/tmp/runtime-pi'
2025-04-12 13:03:54,967 - App error: 2025-04-12 13:03:54,967 - Starting Cartsy Application
2025-04-12 13:03:55,089 - App error: QWidget::setLayout: Attempting to set QLayout "" on SelectModeFrame "", which already has a layout
2025-04-12 13:03:56,333 - App error: error: XDG_RUNTIME_DIR is invalid or not set in the environment.
2025-04-12 13:03:56,396 - App error: 2025-04-12 13:03:56,395 - Main window displayed
2025-04-12 13:03:56,483 - Status check - active: True, should_run: True, app: running
2025-04-12 13:03:58,623 - Status check - active: True, should_run: True, app: running
2025-04-12 13:04:00,827 - Status check - active: True, should_run: True, app: running
2025-04-12 13:04:02,870 - Status check - active: True, should_run: True, app: running
2025-04-12 13:04:04,912 - Status check - active: True, should_run: True, app: running
2025-04-12 13:04:07,022 - Status check - active: True, should_run: True, app: running
2025-04-12 13:04:09,058 - Status check - active: True, should_run: True, app: running
2025-04-12 13:04:11,220 - Status check - active: True, should_run: True, app: running
2025-04-12 13:04:13,355 - Status check - active: True, should_run: True, app: running
2025-04-12 13:04:14,657 - App error: Unknown property display
2025-04-12 13:04:14,658 - App error: Unknown property display
2025-04-12 13:04:14,658 - App error: Unknown property display
2025-04-12 13:04:14,660 - App error: Unknown property display
2025-04-12 13:04:14,660 - App error: Unknown property display
2025-04-12 13:04:14,660 - App error: Unknown property display
2025-04-12 13:04:14,661 - App error: Unknown property display
2025-04-12 13:04:14,662 - App error: Unknown property display
2025-04-12 13:04:14,662 - App error: Unknown property display
2025-04-12 13:04:15,404 - Status check - active: True, should_run: True, app: running
2025-04-12 13:04:17,544 - Status check - active: True, should_run: True, app: running
2025-04-12 13:04:19,581 - Status check - active: True, should_run: True, app: running
2025-04-12 13:04:21,666 - Status check - active: True, should_run: True, app: running
2025-04-12 13:04:23,714 - Status check - active: True, should_run: True, app: running
2025-04-12 13:04:25,867 - Status check - active: True, should_run: True, app: running
2025-04-12 13:04:28,000 - Status check - active: True, should_run: True, app: running
2025-04-12 13:04:30,162 - Status check - active: True, should_run: True, app: running
2025-04-12 13:04:32,209 - Status check - active: True, should_run: True, app: running
2025-04-12 13:04:34,349 - Status check - active: True, should_run: True, app: running
2025-04-12 13:04:36,388 - Status check - active: True, should_run: True, app: running
2025-04-12 13:04:38,430 - Status check - active: True, should_run: True, app: running
2025-04-12 13:04:40,478 - Status check - active: True, should_run: True, app: running
2025-04-12 13:04:42,542 - Status check - active: True, should_run: True, app: running
2025-04-12 13:04:44,570 - Status check - active: True, should_run: True, app: running
2025-04-12 13:04:46,661 - Status check - active: True, should_run: True, app: running
2025-04-12 13:04:48,686 - Status check - active: True, should_run: True, app: running
2025-04-12 13:04:50,843 - Status check - active: True, should_run: True, app: running
2025-04-12 13:04:52,895 - Status check - active: True, should_run: True, app: running
2025-04-12 13:04:53,677 - App error: QObject::startTimer: Timers can only be used with threads started with QThread
2025-04-12 13:04:54,936 - Status check - active: True, should_run: True, app: running
2025-04-12 13:04:56,995 - Status check - active: True, should_run: True, app: running
2025-04-12 13:04:59,054 - Status check - active: True, should_run: True, app: running
2025-04-12 13:05:01,056 - Last app output before stopping:
2025-04-12 13:05:01,058 - Unknown property display
2025-04-12 13:05:01,058 - Unknown property display
2025-04-12 13:05:01,058 - Unknown property display
2025-04-12 13:05:01,059 - Unknown property display
2025-04-12 13:05:01,059 - Unknown property display
2025-04-12 13:05:01,059 - Unknown property display
2025-04-12 13:05:01,059 - Unknown property display
2025-04-12 13:05:01,059 - Unknown property display
2025-04-12 13:05:01,059 - Unknown property display
2025-04-12 13:05:01,059 - QObject::startTimer: Timers can only be used with threads started with QThread
2025-04-12 13:05:01,060 - App stopped successfully
2025-04-12 13:05:07,026 - Service controller started...
2025-04-12 13:05:07,052 - Status check - active: True, should_run: True, app: not running
2025-04-12 13:05:07,052 - Starting app...
2025-04-12 13:05:07,054 - App started successfully
2025-04-12 13:05:07,557 - App error: QStandardPaths: XDG_RUNTIME_DIR not set, defaulting to '/tmp/runtime-pi'
2025-04-12 13:05:07,561 - App error: 2025-04-12 13:05:07,561 - Starting Cartsy Application
2025-04-12 13:05:07,683 - App error: QWidget::setLayout: Attempting to set QLayout "" on SelectModeFrame "", which already has a layout
2025-04-12 13:05:08,860 - App error: error: XDG_RUNTIME_DIR is invalid or not set in the environment.
2025-04-12 13:05:08,894 - App error: 2025-04-12 13:05:08,893 - Main window displayed
2025-04-12 13:05:09,123 - Status check - active: True, should_run: True, app: running
2025-04-12 13:05:11,231 - Status check - active: True, should_run: True, app: running
2025-04-12 13:05:13,362 - Status check - active: True, should_run: True, app: running
2025-04-12 13:05:15,395 - Status check - active: True, should_run: True, app: running
2025-04-12 13:05:17,473 - Status check - active: True, should_run: True, app: running
2025-04-12 13:05:19,509 - Status check - active: True, should_run: True, app: running
2025-04-12 13:05:21,545 - Status check - active: True, should_run: True, app: running
2025-04-12 13:05:23,589 - Status check - active: True, should_run: False, app: running
2025-04-12 13:05:23,589 - Stopping app...
2025-04-12 13:05:23,590 - Last app output before stopping:
2025-04-12 13:05:23,590 - QStandardPaths: XDG_RUNTIME_DIR not set, defaulting to '/tmp/runtime-pi'
2025-04-12 13:05:23,591 - 2025-04-12 13:05:07,561 - Starting Cartsy Application
2025-04-12 13:05:23,591 - QWidget::setLayout: Attempting to set QLayout "" on SelectModeFrame "", which already has a layout
2025-04-12 13:05:23,592 - error: XDG_RUNTIME_DIR is invalid or not set in the environment.
2025-04-12 13:05:23,592 - 2025-04-12 13:05:08,893 - Main window displayed
2025-04-12 13:05:23,625 - App stopped successfully
2025-04-12 13:05:25,711 - Status check - active: True, should_run: False, app: not running
2025-04-12 13:05:27,827 - Status check - active: True, should_run: False, app: not running
2025-04-12 13:05:29,964 - Status check - active: True, should_run: False, app: not running
2025-04-12 13:05:31,997 - Status check - active: True, should_run: False, app: not running
2025-04-12 13:05:34,028 - Status check - active: True, should_run: False, app: not running
2025-04-12 13:05:36,067 - Status check - active: True, should_run: False, app: not running
2025-04-12 13:05:38,101 - Status check - active: True, should_run: False, app: not running
